#
# A fatal error has been detected by the Java Runtime Environment:
#
#  EXCEPTION_ACCESS_VIOLATION (0xc0000005) at pc=0x00007ffe49357ffc, pid=28544, tid=21356
#
# JRE version: OpenJDK Runtime Environment (15.0.1+9) (build 15.0.1+9-18)
# Java VM: OpenJDK 64-Bit Server VM (15.0.1+9-18, mixed mode, tiered, compressed oops, g1 gc, windows-amd64)
# Problematic frame:
# V  [jvm.dll+0x6a7ffc]
#
# No core dump will be written. Minidumps are not enabled by default on client versions of Windows
#
# If you would like to submit a bug report, please visit:
#   https://bugreport.java.com/bugreport/crash.jsp
#

---------------  S U M M A R Y ------------

Command Line: -XX:+ShowCodeDetailsInExceptionMessages -agentlib:jdwp=transport=dt_socket,suspend=y,address=localhost:49839 -javaagent:C:\eclipse\configuration\org.eclipse.osgi\544\0\.cp\lib\javaagent-shaded.jar -Dfile.encoding=MS949 B_5639

Host: Intel(R) Core(TM) i5-8250U CPU @ 1.60GHz, 8 cores, 7G,  Windows 10 , 64 bit Build 19041 (10.0.19041.1023)
Time: Wed Jul 21 16:35:52 2021 대한민국 표준시 elapsed time: 1653.594571 seconds (0d 0h 27m 33s)

---------------  T H R E A D  ---------------

Current thread (0x0000012773c35ce0):  JavaThread "JDWP Transport Listener: dt_socket" daemon [_thread_in_vm, id=21356, stack(0x0000000a67700000,0x0000000a67800000)] _threads_hazard_ptr=0x00000127741cddd0

Stack: [0x0000000a67700000,0x0000000a67800000],  sp=0x0000000a677fe310,  free space=1016k
Native frames: (J=compiled Java code, j=interpreted, Vv=VM code, C=native code)
V  [jvm.dll+0x6a7ffc]
V  [jvm.dll+0x30015f]
V  [jvm.dll+0x30229b]
V  [jvm.dll+0x3028ee]
V  [jvm.dll+0x2fff9f]
V  [jvm.dll+0x2ff24a]
V  [jvm.dll+0x619c80]
V  [jvm.dll+0x619963]
V  [jvm.dll+0x5df038]
V  [jvm.dll+0x7783ef]
V  [jvm.dll+0x4f04b1]
V  [jvm.dll+0x787e95]
V  [jvm.dll+0x4d430a]
V  [jvm.dll+0x49548b]
C  [jdwp.dll+0x7f79]


siginfo: EXCEPTION_ACCESS_VIOLATION (0xc0000005), reading address 0x0000000000000004


Register to memory mapping:

RIP=0x00007ffe49357ffc jvm.dll
RAX=0x0 is NULL
RBX=0x0 is NULL
RCX=0x0000000a677fe330 is pointing into the stack for thread: 0x0000012773c35ce0
RDX=0x0 is NULL
RSP=0x0000000a677fe310 is pointing into the stack for thread: 0x0000012773c35ce0
RBP=0x0000000a677fe470 is pointing into the stack for thread: 0x0000012773c35ce0
RSI=0x0000000000000001 is an unknown value
RDI=0x0000000a677fea80 is pointing into the stack for thread: 0x0000012773c35ce0
R8 =0x0 is NULL
R9 =0x0000012774979060 is pointing into metadata
R10=0x0000012773cff494 points into unknown readable memory: 00 00 00 47
R11=0x0000012773cff410 points into unknown readable memory: 0x4700000147000000 | 00 00 00 47 01 00 00 47
R12=0x00007ffe48cb0000 jvm.dll
R13=0x0000012773cff3e8 points into unknown readable memory: 0x000000328a4cc100 | 00 c1 4c 8a 32 00 00 00
R14=0x0000000a677fe3a0 is pointing into the stack for thread: 0x0000012773c35ce0
R15=0x0000000000000043 is an unknown value


Registers:
RAX=0x0000000000000000, RBX=0x0000000000000000, RCX=0x0000000a677fe330, RDX=0x0000000000000000
RSP=0x0000000a677fe310, RBP=0x0000000a677fe470, RSI=0x0000000000000001, RDI=0x0000000a677fea80
R8 =0x0000000000000000, R9 =0x0000012774979060, R10=0x0000012773cff494, R11=0x0000012773cff410
R12=0x00007ffe48cb0000, R13=0x0000012773cff3e8, R14=0x0000000a677fe3a0, R15=0x0000000000000043
RIP=0x00007ffe49357ffc, EFLAGS=0x0000000000010246

Top of Stack: (sp=0x0000000a677fe310)
0x0000000a677fe310:   0000000000000000 0000000000000000
0x0000000a677fe320:   0000000a677fea80 00007ffeaf67b86b
0x0000000a677fe330:   0000000000000000 00007ffe48ebe8fe
0x0000000a677fe340:   0000000000000001 0000000000000000
0x0000000a677fe350:   0000012772fd4490 0000000000000000
0x0000000a677fe360:   0000012774979483 00007ffe48fb015f
0x0000000a677fe370:   0000000000000000 0000000000000001
0x0000000a677fe380:   0000012756e802c0 0000012756e80d50
0x0000000a677fe390:   0000000000000080 0000012756e80cc0
0x0000000a677fe3a0:   0000000000000000 0000000000000063
0x0000000a677fe3b0:   0000000000000000 0000000a677fe3f8
0x0000000a677fe3c0:   0000000000000000 0000012772fda028
0x0000000a677fe3d0:   0000000300000002 0000000000000003
0x0000000a677fe3e0:   0000000300000004 0000012772fd4490
0x0000000a677fe3f0:   0000000000000000 000000002fffffff
0x0000000a677fe400:   000000000000006a 0000012700000000 

Instructions: (pc=0x00007ffe49357ffc)
0x00007ffe49357efc:   47 1c 03 00 00 00 44 89 47 0c 44 89 47 08 44 3b
0x00007ffe49357f0c:   c3 7c 17 c7 47 1c ff ff ff ff 48 8b 5c 24 30 48
0x00007ffe49357f1c:   8b 74 24 38 48 83 c4 20 5f c3 0f be 4c 30 07 e8
0x00007ffe49357f2c:   e0 fb ff ff 48 83 c6 06 89 47 18 83 e8 0c 74 50
0x00007ffe49357f3c:   83 f8 01 75 34 49 63 c0 48 3b c3 7d 18 0f 1f 80
0x00007ffe49357f4c:   00 00 00 00 80 3c 30 5b 75 0b 41 ff c0 48 ff c0
0x00007ffe49357f5c:   48 3b c3 7c ef 49 63 c8 41 8b c0 2b 47 0c 48 03
0x00007ffe49357f6c:   ce 89 47 14 80 39 4c 74 1d 41 8d 58 01 89 5f 0c
0x00007ffe49357f7c:   48 8b 5c 24 30 48 8b 74 24 38 48 83 c4 20 5f c3
0x00007ffe49357f8c:   49 63 c8 48 03 ce 8b c3 ba 3b 00 00 00 41 2b c0
0x00007ffe49357f9c:   4c 63 c0 e8 bc 19 13 00 48 85 c0 74 06 8b d8 2b
0x00007ffe49357fac:   de ff c3 48 8b 74 24 38 89 5f 0c 48 8b 5c 24 30
0x00007ffe49357fbc:   48 83 c4 20 5f c3 cc cc cc cc cc cc cc cc cc cc
0x00007ffe49357fcc:   cc cc cc cc 41 56 48 83 ec 50 83 79 08 63 4c 8b
0x00007ffe49357fdc:   f1 0f 85 d3 00 00 00 48 8b 01 48 8d 4c 24 20 48
0x00007ffe49357fec:   89 44 24 20 48 89 5c 24 60 33 db 48 89 74 24 68
0x00007ffe49357ffc:   0f b7 40 04 89 44 24 30 48 8b 05 1d 02 42 00 48
0x00007ffe4935800c:   89 44 24 40 c7 44 24 3c 01 00 00 00 c7 44 24 2c
0x00007ffe4935801c:   01 00 00 00 c7 44 24 28 01 00 00 00 89 5c 24 34
0x00007ffe4935802c:   48 89 5c 24 48 e8 7a fe ff ff 48 8d 4c 24 20 e8
0x00007ffe4935803c:   b0 00 00 00 8b 44 24 38 48 8b 4c 24 40 41 89 46
0x00007ffe4935804c:   08 e8 fe e8 04 00 48 8b 74 24 48 48 85 f6 74 45
0x00007ffe4935805c:   39 1e 7e 41 48 89 7c 24 70 8b fb 66 0f 1f 84 00
0x00007ffe4935806c:   00 00 00 00 48 8b 4e 18 48 8b 0c 39 e8 d3 e8 04
0x00007ffe4935807c:   00 ff c3 48 8d 7f 08 3b 1e 7c e9 41 8b 46 08 48
0x00007ffe4935808c:   8b 7c 24 70 48 8b 5c 24 60 48 8b 74 24 68 48 83
0x00007ffe4935809c:   c4 50 41 5e c3 41 8b 46 08 48 8b 5c 24 60 48 8b
0x00007ffe493580ac:   74 24 68 48 83 c4 50 41 5e c3 8b 41 08 48 83 c4
0x00007ffe493580bc:   50 41 5e c3 48 8d 42 ff 48 83 f8 fd 77 14 48 3b
0x00007ffe493580cc:   51 10 74 19 48 89 51 10 48 d1 ea 83 e2 0f 89 51
0x00007ffe493580dc:   08 c3 48 89 51 10 c7 41 08 63 00 00 00 c3 cc cc
0x00007ffe493580ec:   cc cc cc cc 40 53 48 83 ec 20 8b 41 1c 48 8b d9 


Stack slot to memory mapping:
stack at sp + 0 slots: 0x0 is NULL
stack at sp + 1 slots: 0x0 is NULL
stack at sp + 2 slots: 0x0000000a677fea80 is pointing into the stack for thread: 0x0000012773c35ce0
stack at sp + 3 slots: 0x00007ffeaf67b86b ntdll.dll
stack at sp + 4 slots: 0x0 is NULL
stack at sp + 5 slots: 0x00007ffe48ebe8fe jvm.dll
stack at sp + 6 slots: 0x0000000000000001 is an unknown value
stack at sp + 7 slots: 0x0 is NULL


---------------  P R O C E S S  ---------------

Threads class SMR info:
_java_thread_list=0x00000127741cddd0, length=14, elements={
0x0000012756f40fa0, 0x000001277312d7a0, 0x0000012773132900, 0x0000012773989020,
0x000001277398b8f0, 0x000001277398c950, 0x000001277398f1c0, 0x00000127739a2600,
0x000001277313c760, 0x0000012773b20050, 0x0000012773c35ce0, 0x0000012773c38f70,
0x0000012773c39460, 0x00000127741c5270
}

Java Threads: ( => current thread )
  0x0000012756f40fa0 JavaThread "main" [_thread_blocked, id=4888, stack(0x0000000a66700000,0x0000000a66800000)]
  0x000001277312d7a0 JavaThread "Reference Handler" daemon [_thread_blocked, id=11728, stack(0x0000000a66e00000,0x0000000a66f00000)]
  0x0000012773132900 JavaThread "Finalizer" daemon [_thread_blocked, id=20452, stack(0x0000000a66f00000,0x0000000a67000000)]
  0x0000012773989020 JavaThread "Signal Dispatcher" daemon [_thread_blocked, id=6460, stack(0x0000000a67000000,0x0000000a67100000)]
  0x000001277398b8f0 JavaThread "Attach Listener" daemon [_thread_blocked, id=13260, stack(0x0000000a67100000,0x0000000a67200000)]
  0x000001277398c950 JavaThread "Service Thread" daemon [_thread_blocked, id=17128, stack(0x0000000a67200000,0x0000000a67300000)]
  0x000001277398f1c0 JavaThread "C2 CompilerThread0" daemon [_thread_blocked, id=9644, stack(0x0000000a67300000,0x0000000a67400000)]
  0x00000127739a2600 JavaThread "C1 CompilerThread0" daemon [_thread_blocked, id=26740, stack(0x0000000a67400000,0x0000000a67500000)]
  0x000001277313c760 JavaThread "Sweeper thread" daemon [_thread_blocked, id=17548, stack(0x0000000a67500000,0x0000000a67600000)]
  0x0000012773b20050 JavaThread "Common-Cleaner" daemon [_thread_blocked, id=16652, stack(0x0000000a67600000,0x0000000a67700000)]
=>0x0000012773c35ce0 JavaThread "JDWP Transport Listener: dt_socket" daemon [_thread_in_vm, id=21356, stack(0x0000000a67700000,0x0000000a67800000)]
  0x0000012773c38f70 JavaThread "JDWP Event Helper Thread" daemon [_thread_blocked, id=29480, stack(0x0000000a67800000,0x0000000a67900000)]
  0x0000012773c39460 JavaThread "JDWP Command Reader" daemon [_thread_in_native, id=17024, stack(0x0000000a67900000,0x0000000a67a00000)]
  0x00000127741c5270 JavaThread "Notification Thread" daemon [_thread_blocked, id=29532, stack(0x0000000a67a00000,0x0000000a67b00000)]

Other Threads:
  0x0000012773116c10 VMThread "VM Thread" [stack: 0x0000000a66d00000,0x0000000a66e00000] [id=23928]
  0x0000012756f42050 WatcherThread [stack: 0x0000000a67b00000,0x0000000a67c00000] [id=23004]
  0x0000012756f81e00 GCTaskThread "GC Thread#0" [stack: 0x0000000a66800000,0x0000000a66900000] [id=28852]
  0x0000012756f94200 ConcurrentGCThread "G1 Main Marker" [stack: 0x0000000a66900000,0x0000000a66a00000] [id=17948]
  0x0000012756f94cf0 ConcurrentGCThread "G1 Conc#0" [stack: 0x0000000a66a00000,0x0000000a66b00000] [id=836]
  0x0000012772f50090 ConcurrentGCThread "G1 Refine#0" [stack: 0x0000000a66b00000,0x0000000a66c00000] [id=27892]
  0x0000012772f50b90 ConcurrentGCThread "G1 Young RemSet Sampling" [stack: 0x0000000a66c00000,0x0000000a66d00000] [id=17568]

Threads with active compile tasks:

VM state: not at safepoint (normal execution)

VM Mutex/Monitor currently owned by a thread: None

Heap address: 0x0000000082800000, size: 2008 MB, Compressed Oops mode: 32-bit
CDS disabled.
Compressed class space mapped at: 0x0000000100000000-0x0000000140000000, size: 1073741824
Narrow klass base: 0x0000000000000000, Narrow klass shift: 3, Narrow klass range: 0x140000000

GC Precious Log:
 CPUs: 8 total, 8 available
 Memory: 8025M
 Large Page Support: Disabled
 NUMA Support: Disabled
 Compressed Oops: Enabled (32-bit)
 Heap Region Size: 1M
 Heap Min Capacity: 8M
 Heap Initial Capacity: 126M
 Heap Max Capacity: 2008M
 Pre-touch: Disabled
 Parallel Workers: 8
 Concurrent Workers: 2
 Concurrent Refinement Workers: 8
 Periodic GC: Disabled

Heap:
 garbage-first heap   total 129024K, used 6144K [0x0000000082800000, 0x0000000100000000)
  region size 1024K, 7 young (7168K), 0 survivors (0K)
 Metaspace       used 10234K, capacity 10376K, committed 10496K, reserved 1058816K
  class space    used 880K, capacity 919K, committed 1024K, reserved 1048576K

Heap Regions: E=young(eden), S=young(survivor), O=old, HS=humongous(starts), HC=humongous(continues), CS=collection set, F=free, OA=open archive, CA=closed archive, TAMS=top-at-mark-start (previous, next)
|   0|0x0000000082800000, 0x0000000082800000, 0x0000000082900000|  0%| F|  |TAMS 0x0000000082800000, 0x0000000082800000| Untracked 
|   1|0x0000000082900000, 0x0000000082900000, 0x0000000082a00000|  0%| F|  |TAMS 0x0000000082900000, 0x0000000082900000| Untracked 
|   2|0x0000000082a00000, 0x0000000082a00000, 0x0000000082b00000|  0%| F|  |TAMS 0x0000000082a00000, 0x0000000082a00000| Untracked 
|   3|0x0000000082b00000, 0x0000000082b00000, 0x0000000082c00000|  0%| F|  |TAMS 0x0000000082b00000, 0x0000000082b00000| Untracked 
|   4|0x0000000082c00000, 0x0000000082c00000, 0x0000000082d00000|  0%| F|  |TAMS 0x0000000082c00000, 0x0000000082c00000| Untracked 
|   5|0x0000000082d00000, 0x0000000082d00000, 0x0000000082e00000|  0%| F|  |TAMS 0x0000000082d00000, 0x0000000082d00000| Untracked 
|   6|0x0000000082e00000, 0x0000000082e00000, 0x0000000082f00000|  0%| F|  |TAMS 0x0000000082e00000, 0x0000000082e00000| Untracked 
|   7|0x0000000082f00000, 0x0000000082f00000, 0x0000000083000000|  0%| F|  |TAMS 0x0000000082f00000, 0x0000000082f00000| Untracked 
|   8|0x0000000083000000, 0x0000000083000000, 0x0000000083100000|  0%| F|  |TAMS 0x0000000083000000, 0x0000000083000000| Untracked 
|   9|0x0000000083100000, 0x0000000083100000, 0x0000000083200000|  0%| F|  |TAMS 0x0000000083100000, 0x0000000083100000| Untracked 
|  10|0x0000000083200000, 0x0000000083200000, 0x0000000083300000|  0%| F|  |TAMS 0x0000000083200000, 0x0000000083200000| Untracked 
|  11|0x0000000083300000, 0x0000000083300000, 0x0000000083400000|  0%| F|  |TAMS 0x0000000083300000, 0x0000000083300000| Untracked 
|  12|0x0000000083400000, 0x0000000083400000, 0x0000000083500000|  0%| F|  |TAMS 0x0000000083400000, 0x0000000083400000| Untracked 
|  13|0x0000000083500000, 0x0000000083500000, 0x0000000083600000|  0%| F|  |TAMS 0x0000000083500000, 0x0000000083500000| Untracked 
|  14|0x0000000083600000, 0x0000000083600000, 0x0000000083700000|  0%| F|  |TAMS 0x0000000083600000, 0x0000000083600000| Untracked 
|  15|0x0000000083700000, 0x0000000083700000, 0x0000000083800000|  0%| F|  |TAMS 0x0000000083700000, 0x0000000083700000| Untracked 
|  16|0x0000000083800000, 0x0000000083800000, 0x0000000083900000|  0%| F|  |TAMS 0x0000000083800000, 0x0000000083800000| Untracked 
|  17|0x0000000083900000, 0x0000000083900000, 0x0000000083a00000|  0%| F|  |TAMS 0x0000000083900000, 0x0000000083900000| Untracked 
|  18|0x0000000083a00000, 0x0000000083a00000, 0x0000000083b00000|  0%| F|  |TAMS 0x0000000083a00000, 0x0000000083a00000| Untracked 
|  19|0x0000000083b00000, 0x0000000083b00000, 0x0000000083c00000|  0%| F|  |TAMS 0x0000000083b00000, 0x0000000083b00000| Untracked 
|  20|0x0000000083c00000, 0x0000000083c00000, 0x0000000083d00000|  0%| F|  |TAMS 0x0000000083c00000, 0x0000000083c00000| Untracked 
|  21|0x0000000083d00000, 0x0000000083d00000, 0x0000000083e00000|  0%| F|  |TAMS 0x0000000083d00000, 0x0000000083d00000| Untracked 
|  22|0x0000000083e00000, 0x0000000083e00000, 0x0000000083f00000|  0%| F|  |TAMS 0x0000000083e00000, 0x0000000083e00000| Untracked 
|  23|0x0000000083f00000, 0x0000000083f00000, 0x0000000084000000|  0%| F|  |TAMS 0x0000000083f00000, 0x0000000083f00000| Untracked 
|  24|0x0000000084000000, 0x0000000084000000, 0x0000000084100000|  0%| F|  |TAMS 0x0000000084000000, 0x0000000084000000| Untracked 
|  25|0x0000000084100000, 0x0000000084100000, 0x0000000084200000|  0%| F|  |TAMS 0x0000000084100000, 0x0000000084100000| Untracked 
|  26|0x0000000084200000, 0x0000000084200000, 0x0000000084300000|  0%| F|  |TAMS 0x0000000084200000, 0x0000000084200000| Untracked 
|  27|0x0000000084300000, 0x0000000084300000, 0x0000000084400000|  0%| F|  |TAMS 0x0000000084300000, 0x0000000084300000| Untracked 
|  28|0x0000000084400000, 0x0000000084400000, 0x0000000084500000|  0%| F|  |TAMS 0x0000000084400000, 0x0000000084400000| Untracked 
|  29|0x0000000084500000, 0x0000000084500000, 0x0000000084600000|  0%| F|  |TAMS 0x0000000084500000, 0x0000000084500000| Untracked 
|  30|0x0000000084600000, 0x0000000084600000, 0x0000000084700000|  0%| F|  |TAMS 0x0000000084600000, 0x0000000084600000| Untracked 
|  31|0x0000000084700000, 0x0000000084700000, 0x0000000084800000|  0%| F|  |TAMS 0x0000000084700000, 0x0000000084700000| Untracked 
|  32|0x0000000084800000, 0x0000000084800000, 0x0000000084900000|  0%| F|  |TAMS 0x0000000084800000, 0x0000000084800000| Untracked 
|  33|0x0000000084900000, 0x0000000084900000, 0x0000000084a00000|  0%| F|  |TAMS 0x0000000084900000, 0x0000000084900000| Untracked 
|  34|0x0000000084a00000, 0x0000000084a00000, 0x0000000084b00000|  0%| F|  |TAMS 0x0000000084a00000, 0x0000000084a00000| Untracked 
|  35|0x0000000084b00000, 0x0000000084b00000, 0x0000000084c00000|  0%| F|  |TAMS 0x0000000084b00000, 0x0000000084b00000| Untracked 
|  36|0x0000000084c00000, 0x0000000084c00000, 0x0000000084d00000|  0%| F|  |TAMS 0x0000000084c00000, 0x0000000084c00000| Untracked 
|  37|0x0000000084d00000, 0x0000000084d00000, 0x0000000084e00000|  0%| F|  |TAMS 0x0000000084d00000, 0x0000000084d00000| Untracked 
|  38|0x0000000084e00000, 0x0000000084e00000, 0x0000000084f00000|  0%| F|  |TAMS 0x0000000084e00000, 0x0000000084e00000| Untracked 
|  39|0x0000000084f00000, 0x0000000084f00000, 0x0000000085000000|  0%| F|  |TAMS 0x0000000084f00000, 0x0000000084f00000| Untracked 
|  40|0x0000000085000000, 0x0000000085000000, 0x0000000085100000|  0%| F|  |TAMS 0x0000000085000000, 0x0000000085000000| Untracked 
|  41|0x0000000085100000, 0x0000000085100000, 0x0000000085200000|  0%| F|  |TAMS 0x0000000085100000, 0x0000000085100000| Untracked 
|  42|0x0000000085200000, 0x0000000085200000, 0x0000000085300000|  0%| F|  |TAMS 0x0000000085200000, 0x0000000085200000| Untracked 
|  43|0x0000000085300000, 0x0000000085300000, 0x0000000085400000|  0%| F|  |TAMS 0x0000000085300000, 0x0000000085300000| Untracked 
|  44|0x0000000085400000, 0x0000000085400000, 0x0000000085500000|  0%| F|  |TAMS 0x0000000085400000, 0x0000000085400000| Untracked 
|  45|0x0000000085500000, 0x0000000085500000, 0x0000000085600000|  0%| F|  |TAMS 0x0000000085500000, 0x0000000085500000| Untracked 
|  46|0x0000000085600000, 0x0000000085600000, 0x0000000085700000|  0%| F|  |TAMS 0x0000000085600000, 0x0000000085600000| Untracked 
|  47|0x0000000085700000, 0x0000000085700000, 0x0000000085800000|  0%| F|  |TAMS 0x0000000085700000, 0x0000000085700000| Untracked 
|  48|0x0000000085800000, 0x0000000085800000, 0x0000000085900000|  0%| F|  |TAMS 0x0000000085800000, 0x0000000085800000| Untracked 
|  49|0x0000000085900000, 0x0000000085900000, 0x0000000085a00000|  0%| F|  |TAMS 0x0000000085900000, 0x0000000085900000| Untracked 
|  50|0x0000000085a00000, 0x0000000085a00000, 0x0000000085b00000|  0%| F|  |TAMS 0x0000000085a00000, 0x0000000085a00000| Untracked 
|  51|0x0000000085b00000, 0x0000000085b00000, 0x0000000085c00000|  0%| F|  |TAMS 0x0000000085b00000, 0x0000000085b00000| Untracked 
|  52|0x0000000085c00000, 0x0000000085c00000, 0x0000000085d00000|  0%| F|  |TAMS 0x0000000085c00000, 0x0000000085c00000| Untracked 
|  53|0x0000000085d00000, 0x0000000085d00000, 0x0000000085e00000|  0%| F|  |TAMS 0x0000000085d00000, 0x0000000085d00000| Untracked 
|  54|0x0000000085e00000, 0x0000000085e00000, 0x0000000085f00000|  0%| F|  |TAMS 0x0000000085e00000, 0x0000000085e00000| Untracked 
|  55|0x0000000085f00000, 0x0000000085f00000, 0x0000000086000000|  0%| F|  |TAMS 0x0000000085f00000, 0x0000000085f00000| Untracked 
|  56|0x0000000086000000, 0x0000000086000000, 0x0000000086100000|  0%| F|  |TAMS 0x0000000086000000, 0x0000000086000000| Untracked 
|  57|0x0000000086100000, 0x0000000086100000, 0x0000000086200000|  0%| F|  |TAMS 0x0000000086100000, 0x0000000086100000| Untracked 
|  58|0x0000000086200000, 0x0000000086200000, 0x0000000086300000|  0%| F|  |TAMS 0x0000000086200000, 0x0000000086200000| Untracked 
|  59|0x0000000086300000, 0x0000000086300000, 0x0000000086400000|  0%| F|  |TAMS 0x0000000086300000, 0x0000000086300000| Untracked 
|  60|0x0000000086400000, 0x0000000086400000, 0x0000000086500000|  0%| F|  |TAMS 0x0000000086400000, 0x0000000086400000| Untracked 
|  61|0x0000000086500000, 0x0000000086500000, 0x0000000086600000|  0%| F|  |TAMS 0x0000000086500000, 0x0000000086500000| Untracked 
|  62|0x0000000086600000, 0x0000000086600000, 0x0000000086700000|  0%| F|  |TAMS 0x0000000086600000, 0x0000000086600000| Untracked 
|  63|0x0000000086700000, 0x0000000086700000, 0x0000000086800000|  0%| F|  |TAMS 0x0000000086700000, 0x0000000086700000| Untracked 
|  64|0x0000000086800000, 0x0000000086800000, 0x0000000086900000|  0%| F|  |TAMS 0x0000000086800000, 0x0000000086800000| Untracked 
|  65|0x0000000086900000, 0x0000000086900000, 0x0000000086a00000|  0%| F|  |TAMS 0x0000000086900000, 0x0000000086900000| Untracked 
|  66|0x0000000086a00000, 0x0000000086a00000, 0x0000000086b00000|  0%| F|  |TAMS 0x0000000086a00000, 0x0000000086a00000| Untracked 
|  67|0x0000000086b00000, 0x0000000086b00000, 0x0000000086c00000|  0%| F|  |TAMS 0x0000000086b00000, 0x0000000086b00000| Untracked 
|  68|0x0000000086c00000, 0x0000000086c00000, 0x0000000086d00000|  0%| F|  |TAMS 0x0000000086c00000, 0x0000000086c00000| Untracked 
|  69|0x0000000086d00000, 0x0000000086d00000, 0x0000000086e00000|  0%| F|  |TAMS 0x0000000086d00000, 0x0000000086d00000| Untracked 
|  70|0x0000000086e00000, 0x0000000086e00000, 0x0000000086f00000|  0%| F|  |TAMS 0x0000000086e00000, 0x0000000086e00000| Untracked 
|  71|0x0000000086f00000, 0x0000000086f00000, 0x0000000087000000|  0%| F|  |TAMS 0x0000000086f00000, 0x0000000086f00000| Untracked 
|  72|0x0000000087000000, 0x0000000087000000, 0x0000000087100000|  0%| F|  |TAMS 0x0000000087000000, 0x0000000087000000| Untracked 
|  73|0x0000000087100000, 0x0000000087100000, 0x0000000087200000|  0%| F|  |TAMS 0x0000000087100000, 0x0000000087100000| Untracked 
|  74|0x0000000087200000, 0x0000000087200000, 0x0000000087300000|  0%| F|  |TAMS 0x0000000087200000, 0x0000000087200000| Untracked 
|  75|0x0000000087300000, 0x0000000087300000, 0x0000000087400000|  0%| F|  |TAMS 0x0000000087300000, 0x0000000087300000| Untracked 
|  76|0x0000000087400000, 0x0000000087400000, 0x0000000087500000|  0%| F|  |TAMS 0x0000000087400000, 0x0000000087400000| Untracked 
|  77|0x0000000087500000, 0x0000000087500000, 0x0000000087600000|  0%| F|  |TAMS 0x0000000087500000, 0x0000000087500000| Untracked 
|  78|0x0000000087600000, 0x0000000087600000, 0x0000000087700000|  0%| F|  |TAMS 0x0000000087600000, 0x0000000087600000| Untracked 
|  79|0x0000000087700000, 0x0000000087700000, 0x0000000087800000|  0%| F|  |TAMS 0x0000000087700000, 0x0000000087700000| Untracked 
|  80|0x0000000087800000, 0x0000000087800000, 0x0000000087900000|  0%| F|  |TAMS 0x0000000087800000, 0x0000000087800000| Untracked 
|  81|0x0000000087900000, 0x0000000087900000, 0x0000000087a00000|  0%| F|  |TAMS 0x0000000087900000, 0x0000000087900000| Untracked 
|  82|0x0000000087a00000, 0x0000000087a00000, 0x0000000087b00000|  0%| F|  |TAMS 0x0000000087a00000, 0x0000000087a00000| Untracked 
|  83|0x0000000087b00000, 0x0000000087b00000, 0x0000000087c00000|  0%| F|  |TAMS 0x0000000087b00000, 0x0000000087b00000| Untracked 
|  84|0x0000000087c00000, 0x0000000087c00000, 0x0000000087d00000|  0%| F|  |TAMS 0x0000000087c00000, 0x0000000087c00000| Untracked 
|  85|0x0000000087d00000, 0x0000000087d00000, 0x0000000087e00000|  0%| F|  |TAMS 0x0000000087d00000, 0x0000000087d00000| Untracked 
|  86|0x0000000087e00000, 0x0000000087e00000, 0x0000000087f00000|  0%| F|  |TAMS 0x0000000087e00000, 0x0000000087e00000| Untracked 
|  87|0x0000000087f00000, 0x0000000087f00000, 0x0000000088000000|  0%| F|  |TAMS 0x0000000087f00000, 0x0000000087f00000| Untracked 
|  88|0x0000000088000000, 0x0000000088000000, 0x0000000088100000|  0%| F|  |TAMS 0x0000000088000000, 0x0000000088000000| Untracked 
|  89|0x0000000088100000, 0x0000000088100000, 0x0000000088200000|  0%| F|  |TAMS 0x0000000088100000, 0x0000000088100000| Untracked 
|  90|0x0000000088200000, 0x0000000088200000, 0x0000000088300000|  0%| F|  |TAMS 0x0000000088200000, 0x0000000088200000| Untracked 
|  91|0x0000000088300000, 0x0000000088300000, 0x0000000088400000|  0%| F|  |TAMS 0x0000000088300000, 0x0000000088300000| Untracked 
|  92|0x0000000088400000, 0x0000000088400000, 0x0000000088500000|  0%| F|  |TAMS 0x0000000088400000, 0x0000000088400000| Untracked 
|  93|0x0000000088500000, 0x0000000088500000, 0x0000000088600000|  0%| F|  |TAMS 0x0000000088500000, 0x0000000088500000| Untracked 
|  94|0x0000000088600000, 0x0000000088600000, 0x0000000088700000|  0%| F|  |TAMS 0x0000000088600000, 0x0000000088600000| Untracked 
|  95|0x0000000088700000, 0x0000000088700000, 0x0000000088800000|  0%| F|  |TAMS 0x0000000088700000, 0x0000000088700000| Untracked 
|  96|0x0000000088800000, 0x0000000088800000, 0x0000000088900000|  0%| F|  |TAMS 0x0000000088800000, 0x0000000088800000| Untracked 
|  97|0x0000000088900000, 0x0000000088900000, 0x0000000088a00000|  0%| F|  |TAMS 0x0000000088900000, 0x0000000088900000| Untracked 
|  98|0x0000000088a00000, 0x0000000088a00000, 0x0000000088b00000|  0%| F|  |TAMS 0x0000000088a00000, 0x0000000088a00000| Untracked 
|  99|0x0000000088b00000, 0x0000000088b00000, 0x0000000088c00000|  0%| F|  |TAMS 0x0000000088b00000, 0x0000000088b00000| Untracked 
| 100|0x0000000088c00000, 0x0000000088c00000, 0x0000000088d00000|  0%| F|  |TAMS 0x0000000088c00000, 0x0000000088c00000| Untracked 
| 101|0x0000000088d00000, 0x0000000088d00000, 0x0000000088e00000|  0%| F|  |TAMS 0x0000000088d00000, 0x0000000088d00000| Untracked 
| 102|0x0000000088e00000, 0x0000000088e00000, 0x0000000088f00000|  0%| F|  |TAMS 0x0000000088e00000, 0x0000000088e00000| Untracked 
| 103|0x0000000088f00000, 0x0000000088f00000, 0x0000000089000000|  0%| F|  |TAMS 0x0000000088f00000, 0x0000000088f00000| Untracked 
| 104|0x0000000089000000, 0x0000000089000000, 0x0000000089100000|  0%| F|  |TAMS 0x0000000089000000, 0x0000000089000000| Untracked 
| 105|0x0000000089100000, 0x0000000089100000, 0x0000000089200000|  0%| F|  |TAMS 0x0000000089100000, 0x0000000089100000| Untracked 
| 106|0x0000000089200000, 0x0000000089200000, 0x0000000089300000|  0%| F|  |TAMS 0x0000000089200000, 0x0000000089200000| Untracked 
| 107|0x0000000089300000, 0x0000000089300000, 0x0000000089400000|  0%| F|  |TAMS 0x0000000089300000, 0x0000000089300000| Untracked 
| 108|0x0000000089400000, 0x0000000089400000, 0x0000000089500000|  0%| F|  |TAMS 0x0000000089400000, 0x0000000089400000| Untracked 
| 109|0x0000000089500000, 0x0000000089500000, 0x0000000089600000|  0%| F|  |TAMS 0x0000000089500000, 0x0000000089500000| Untracked 
| 110|0x0000000089600000, 0x0000000089600000, 0x0000000089700000|  0%| F|  |TAMS 0x0000000089600000, 0x0000000089600000| Untracked 
| 111|0x0000000089700000, 0x0000000089700000, 0x0000000089800000|  0%| F|  |TAMS 0x0000000089700000, 0x0000000089700000| Untracked 
| 112|0x0000000089800000, 0x0000000089800000, 0x0000000089900000|  0%| F|  |TAMS 0x0000000089800000, 0x0000000089800000| Untracked 
| 113|0x0000000089900000, 0x0000000089900000, 0x0000000089a00000|  0%| F|  |TAMS 0x0000000089900000, 0x0000000089900000| Untracked 
| 114|0x0000000089a00000, 0x0000000089a00000, 0x0000000089b00000|  0%| F|  |TAMS 0x0000000089a00000, 0x0000000089a00000| Untracked 
| 115|0x0000000089b00000, 0x0000000089b00000, 0x0000000089c00000|  0%| F|  |TAMS 0x0000000089b00000, 0x0000000089b00000| Untracked 
| 116|0x0000000089c00000, 0x0000000089c00000, 0x0000000089d00000|  0%| F|  |TAMS 0x0000000089c00000, 0x0000000089c00000| Untracked 
| 117|0x0000000089d00000, 0x0000000089d00000, 0x0000000089e00000|  0%| F|  |TAMS 0x0000000089d00000, 0x0000000089d00000| Untracked 
| 118|0x0000000089e00000, 0x0000000089e00000, 0x0000000089f00000|  0%| F|  |TAMS 0x0000000089e00000, 0x0000000089e00000| Untracked 
| 119|0x0000000089f00000, 0x0000000089f82570, 0x000000008a000000| 50%| E|  |TAMS 0x0000000089f00000, 0x0000000089f00000| Complete 
| 120|0x000000008a000000, 0x000000008a100000, 0x000000008a100000|100%| E|CS|TAMS 0x000000008a000000, 0x000000008a000000| Complete 
| 121|0x000000008a100000, 0x000000008a200000, 0x000000008a200000|100%| E|CS|TAMS 0x000000008a100000, 0x000000008a100000| Complete 
| 122|0x000000008a200000, 0x000000008a300000, 0x000000008a300000|100%| E|CS|TAMS 0x000000008a200000, 0x000000008a200000| Complete 
| 123|0x000000008a300000, 0x000000008a400000, 0x000000008a400000|100%| E|CS|TAMS 0x000000008a300000, 0x000000008a300000| Complete 
| 124|0x000000008a400000, 0x000000008a500000, 0x000000008a500000|100%| E|CS|TAMS 0x000000008a400000, 0x000000008a400000| Complete 
| 125|0x000000008a500000, 0x000000008a600000, 0x000000008a600000|100%| E|CS|TAMS 0x000000008a500000, 0x000000008a500000| Complete 

Card table byte_map: [0x000001276bf90000,0x000001276c380000] _byte_map_base: 0x000001276bb7c000

Marking Bits (Prev, Next): (CMBitMap*) 0x0000012756f82570, (CMBitMap*) 0x0000012756f825b0
 Prev Bits: [0x000001276c770000, 0x000001276e6d0000)
 Next Bits: [0x000001276e6d0000, 0x0000012770630000)

Polling page: 0x0000012757020000

Metaspace:

Usage:
  Non-class:      9.24 MB capacity,     9.13 MB ( 99%) used,    96.53 KB (  1%) free+waste,     6.44 KB ( <1%) overhead. 
      Class:    919.00 KB capacity,   880.79 KB ( 96%) used,    36.27 KB (  4%) free+waste,     1.94 KB ( <1%) overhead. 
       Both:     10.13 MB capacity,     9.99 MB ( 99%) used,   132.80 KB (  1%) free+waste,     8.38 KB ( <1%) overhead. 

Virtual space:
  Non-class space:       10.00 MB reserved,       9.25 MB ( 92%) committed 
      Class space:        1.00 GB reserved,       1.00 MB ( <1%) committed 
             Both:        1.01 GB reserved,      10.25 MB ( <1%) committed 

Chunk freelists:
   Non-Class:  15.00 KB
       Class:  9.00 KB
        Both:  24.00 KB

MaxMetaspaceSize: 17179869184.00 GB
CompressedClassSpaceSize: 1.00 GB

CodeHeap 'non-profiled nmethods': size=120000Kb used=144Kb max_used=144Kb free=119855Kb
 bounds [0x0000012763c10000, 0x0000012763e80000, 0x000001276b140000]
CodeHeap 'profiled nmethods': size=120000Kb used=653Kb max_used=653Kb free=119346Kb
 bounds [0x000001275c6e0000, 0x000001275c950000, 0x0000012763c10000]
CodeHeap 'non-nmethods': size=5760Kb used=1236Kb max_used=1244Kb free=4523Kb
 bounds [0x000001275c140000, 0x000001275c3b0000, 0x000001275c6e0000]
 total_blobs=892 nmethods=490 adapters=315
 compilation: enabled
              stopped_count=0, restarted_count=0
 full_count=0

Compilation events (20 events):
Event: 1.379 Thread 0x00000127739a2600  480       3       jdk.internal.org.objectweb.asm.Handler::getExceptionTableLength (21 bytes)
Event: 1.379 Thread 0x00000127739a2600 nmethod 480 0x000001275c780910 code [0x000001275c780aa0, 0x000001275c780c38]
Event: 1.380 Thread 0x00000127739a2600  481       1       java.lang.invoke.MethodTypeForm::parameterSlotCount (5 bytes)
Event: 1.380 Thread 0x00000127739a2600 nmethod 481 0x0000012763c33990 code [0x0000012763c33b20, 0x0000012763c33bd8]
Event: 1.381 Thread 0x00000127739a2600  484       3       java.util.regex.ASCII::isAscii (13 bytes)
Event: 1.381 Thread 0x00000127739a2600 nmethod 484 0x000001275c780d10 code [0x000001275c780ea0, 0x000001275c780fd8]
Event: 1.381 Thread 0x00000127739a2600  485       3       java.util.regex.Pattern::peek (26 bytes)
Event: 1.382 Thread 0x00000127739a2600 nmethod 485 0x000001275c781090 code [0x000001275c781240, 0x000001275c7814c8]
Event: 1.382 Thread 0x00000127739a2600  486       3       java.util.regex.Pattern::next (33 bytes)
Event: 1.383 Thread 0x00000127739a2600 nmethod 486 0x000001275c781610 code [0x000001275c7817c0, 0x000001275c781a48]
Event: 1.383 Thread 0x00000127739a2600  487       3       java.util.regex.ASCII::toLower (16 bytes)
Event: 1.384 Thread 0x00000127739a2600 nmethod 487 0x000001275c781b90 code [0x000001275c781d40, 0x000001275c781f38]
Event: 1.384 Thread 0x00000127739a2600  488       3       java.util.regex.ASCII::isUpper (18 bytes)
Event: 1.384 Thread 0x00000127739a2600 nmethod 488 0x000001275c782010 code [0x000001275c7821a0, 0x000001275c7822f8]
Event: 2.083 Thread 0x00000127739a2600  489       1       java.nio.Buffer::position (5 bytes)
Event: 2.083 Thread 0x00000127739a2600 nmethod 489 0x0000012763c33f90 code [0x0000012763c34120, 0x0000012763c341d8]
Event: 8.745 Thread 0x00000127739a2600  490       3       java.nio.Buffer::position (55 bytes)
Event: 8.746 Thread 0x00000127739a2600 nmethod 490 0x000001275c782390 code [0x000001275c782540, 0x000001275c7827e8]
Event: 13.731 Thread 0x00000127739a2600  491       3       java.lang.CharacterData::of (124 bytes)
Event: 13.732 Thread 0x00000127739a2600 nmethod 491 0x000001275c782910 code [0x000001275c782b00, 0x000001275c7832b8]

GC Heap History (0 events):
No events

Deoptimization events (20 events):
Event: 1.151 Thread 0x0000012756f40fa0 DEOPT PACKING pc=0x000001275c751761 sp=0x0000000a667f8180
Event: 1.151 Thread 0x0000012756f40fa0 DEOPT UNPACKING pc=0x000001275c18e23f sp=0x0000000a667f7648 mode 0
Event: 1.163 Thread 0x0000012756f40fa0 DEOPT PACKING pc=0x000001275c751761 sp=0x0000000a667fbc60
Event: 1.163 Thread 0x0000012756f40fa0 DEOPT UNPACKING pc=0x000001275c18e23f sp=0x0000000a667fb128 mode 0
Event: 1.164 Thread 0x0000012756f40fa0 DEOPT PACKING pc=0x000001275c751761 sp=0x0000000a667fbc60
Event: 1.164 Thread 0x0000012756f40fa0 DEOPT UNPACKING pc=0x000001275c18e23f sp=0x0000000a667fb128 mode 0
Event: 1.164 Thread 0x0000012756f40fa0 DEOPT PACKING pc=0x000001275c751761 sp=0x0000000a667fbc60
Event: 1.164 Thread 0x0000012756f40fa0 DEOPT UNPACKING pc=0x000001275c18e23f sp=0x0000000a667fb128 mode 0
Event: 1.169 Thread 0x0000012756f40fa0 DEOPT PACKING pc=0x000001275c751761 sp=0x0000000a667f8100
Event: 1.169 Thread 0x0000012756f40fa0 DEOPT UNPACKING pc=0x000001275c18e23f sp=0x0000000a667f75c8 mode 0
Event: 1.174 Thread 0x0000012756f40fa0 DEOPT PACKING pc=0x000001275c751761 sp=0x0000000a667fbb90
Event: 1.174 Thread 0x0000012756f40fa0 DEOPT UNPACKING pc=0x000001275c18e23f sp=0x0000000a667fb058 mode 0
Event: 1.333 Thread 0x0000012756f40fa0 Uncommon trap: trap_request=0xffffff45 fr.pc=0x0000012763c19608 relative=0x0000000000000268
Event: 1.333 Thread 0x0000012756f40fa0 Uncommon trap: reason=unstable_if action=reinterpret pc=0x0000012763c19608 method=java.lang.String.hashCode()I @ 20 c2
Event: 1.333 Thread 0x0000012756f40fa0 DEOPT PACKING pc=0x0000012763c19608 sp=0x0000000a667fcb10
Event: 1.333 Thread 0x0000012756f40fa0 DEOPT UNPACKING pc=0x000001275c18e42f sp=0x0000000a667fcaa8 mode 2
Event: 1.360 Thread 0x0000012756f40fa0 Uncommon trap: trap_request=0xffffff45 fr.pc=0x0000012763c22444 relative=0x0000000000000044
Event: 1.360 Thread 0x0000012756f40fa0 Uncommon trap: reason=unstable_if action=reinterpret pc=0x0000012763c22444 method=java.lang.CharacterData.of(I)Ljava/lang/CharacterData; @ 4 c2
Event: 1.360 Thread 0x0000012756f40fa0 DEOPT PACKING pc=0x0000012763c22444 sp=0x0000000a667fea60
Event: 1.360 Thread 0x0000012756f40fa0 DEOPT UNPACKING pc=0x000001275c18e42f sp=0x0000000a667fea00 mode 2

Classes unloaded (0 events):
No events

Classes redefined (3 events):
Event: 126.731 Thread 0x0000012773116c10 redefined class name=B_5639, count=1
Event: 169.971 Thread 0x0000012773116c10 redefined class name=B_5639, count=2
Event: 1267.219 Thread 0x0000012773116c10 redefined class name=B_5639, count=3

Internal exceptions (3 events):
Event: 0.903 Thread 0x0000012756f40fa0 Exception <a 'java/lang/NoSuchMethodError'{0x000000008a4e8928}: 'void java.lang.invoke.DirectMethodHandle$Holder.invokeStatic(java.lang.Object, java.lang.Object)'> (0x000000008a4e8928) 
thrown [./open/src/hotspot/share/interpreter/linkResolver.cpp, line 782]
Event: 0.904 Thread 0x0000012756f40fa0 Exception <a 'java/lang/NoSuchMethodError'{0x000000008a300cd8}: 'void java.lang.invoke.DirectMethodHandle$Holder.invokeStaticInit(java.lang.Object, java.lang.Object)'> (0x000000008a300cd8) 
thrown [./open/src/hotspot/share/interpreter/linkResolver.cpp, line 782]
Event: 1.074 Thread 0x0000012756f40fa0 Exception <a 'java/lang/NoSuchMethodError'{0x000000008a2e1d98}: 'java.lang.Object java.lang.invoke.DirectMethodHandle$Holder.invokeStatic(java.lang.Object)'> (0x000000008a2e1d98) 
thrown [./open/src/hotspot/share/interpreter/linkResolver.cpp, line 782]

Events (20 events):
Event: 169.990 Executing VM operation: GetStackTrace
Event: 169.990 Executing VM operation: GetStackTrace done
Event: 170.027 Executing VM operation: GetFrameCount
Event: 170.027 Executing VM operation: GetFrameCount done
Event: 1267.217 Executing VM operation: RedefineClasses
Event: 1267.222 Executing VM operation: RedefineClasses done
Event: 1267.231 Executing VM operation: ChangeBreakpoints
Event: 1267.231 Executing VM operation: ChangeBreakpoints done
Event: 1267.233 Executing VM operation: GetFrameCount
Event: 1267.233 Executing VM operation: GetFrameCount done
Event: 1267.233 Executing VM operation: GetStackTrace
Event: 1267.233 Executing VM operation: GetStackTrace done
Event: 1267.304 Executing VM operation: GetFrameCount
Event: 1267.304 Executing VM operation: GetFrameCount done
Event: 1522.209 Executing VM operation: GetFrameCount
Event: 1522.209 Executing VM operation: GetFrameCount done
Event: 1647.817 Executing VM operation: ChangeBreakpoints
Event: 1647.818 Executing VM operation: ChangeBreakpoints done
Event: 1648.361 Executing VM operation: ChangeBreakpoints
Event: 1648.362 Executing VM operation: ChangeBreakpoints done


Dynamic libraries:
0x00007ff715600000 - 0x00007ff71560d000 	C:\eclipse\plugins\org.eclipse.justj.openjdk.hotspot.jre.full.win32.x86_64_15.0.1.v20201027-0507\jre\bin\javaw.exe
0x00007ffeaf650000 - 0x00007ffeaf845000 	C:\WINDOWS\SYSTEM32\ntdll.dll
0x00007ffeaedd0000 - 0x00007ffeaee8d000 	C:\WINDOWS\System32\KERNEL32.DLL
0x00007ffead3f0000 - 0x00007ffead6b9000 	C:\WINDOWS\System32\KERNELBASE.dll
0x00007ffeace60000 - 0x00007ffeacf60000 	C:\WINDOWS\System32\ucrtbase.dll
0x00007ffea6c40000 - 0x00007ffea6c59000 	C:\eclipse\plugins\org.eclipse.justj.openjdk.hotspot.jre.full.win32.x86_64_15.0.1.v20201027-0507\jre\bin\VCRUNTIME140.dll
0x00007ffea6c90000 - 0x00007ffea6ca8000 	C:\eclipse\plugins\org.eclipse.justj.openjdk.hotspot.jre.full.win32.x86_64_15.0.1.v20201027-0507\jre\bin\jli.dll
0x00007ffeaef30000 - 0x00007ffeaf0d0000 	C:\WINDOWS\System32\USER32.dll
0x00007ffead070000 - 0x00007ffead092000 	C:\WINDOWS\System32\win32u.dll
0x00007ffead870000 - 0x00007ffead89a000 	C:\WINDOWS\System32\GDI32.dll
0x00007ffeacf60000 - 0x00007ffead06b000 	C:\WINDOWS\System32\gdi32full.dll
0x00007ffeacd90000 - 0x00007ffeace2d000 	C:\WINDOWS\System32\msvcp_win.dll
0x00007ffe9b710000 - 0x00007ffe9b9aa000 	C:\WINDOWS\WinSxS\amd64_microsoft.windows.common-controls_6595b64144ccf1df_6.0.19041.1110_none_60b5254171f9507e\COMCTL32.dll
0x00007ffeaf250000 - 0x00007ffeaf2ee000 	C:\WINDOWS\System32\msvcrt.dll
0x00007ffeaf2f0000 - 0x00007ffeaf320000 	C:\WINDOWS\System32\IMM32.DLL
0x00007ffea6e20000 - 0x00007ffea6e2c000 	C:\eclipse\plugins\org.eclipse.justj.openjdk.hotspot.jre.full.win32.x86_64_15.0.1.v20201027-0507\jre\bin\vcruntime140_1.dll
0x00007ffe88dd0000 - 0x00007ffe88e61000 	C:\eclipse\plugins\org.eclipse.justj.openjdk.hotspot.jre.full.win32.x86_64_15.0.1.v20201027-0507\jre\bin\msvcp140.dll
0x00007ffe48cb0000 - 0x00007ffe4980e000 	C:\eclipse\plugins\org.eclipse.justj.openjdk.hotspot.jre.full.win32.x86_64_15.0.1.v20201027-0507\jre\bin\server\jvm.dll
0x00007ffeae5a0000 - 0x00007ffeae64c000 	C:\WINDOWS\System32\ADVAPI32.dll
0x00007ffeaee90000 - 0x00007ffeaef2b000 	C:\WINDOWS\System32\sechost.dll
0x00007ffeaf460000 - 0x00007ffeaf58a000 	C:\WINDOWS\System32\RPCRT4.dll
0x00007ffeae650000 - 0x00007ffeae658000 	C:\WINDOWS\System32\PSAPI.DLL
0x00007ffea4050000 - 0x00007ffea405a000 	C:\WINDOWS\SYSTEM32\VERSION.dll
0x00007ffe9f2c0000 - 0x00007ffe9f2e7000 	C:\WINDOWS\SYSTEM32\WINMM.dll
0x00007ffe9e780000 - 0x00007ffe9e789000 	C:\WINDOWS\SYSTEM32\WSOCK32.dll
0x00007ffeadd10000 - 0x00007ffeadd7b000 	C:\WINDOWS\System32\WS2_32.dll
0x00007ffeab6a0000 - 0x00007ffeab6b2000 	C:\WINDOWS\SYSTEM32\kernel.appcore.dll
0x00007ffea5c80000 - 0x00007ffea5c8a000 	C:\eclipse\plugins\org.eclipse.justj.openjdk.hotspot.jre.full.win32.x86_64_15.0.1.v20201027-0507\jre\bin\jimage.dll
0x00007ffeaa770000 - 0x00007ffeaa954000 	C:\WINDOWS\SYSTEM32\DBGHELP.DLL
0x00007ffea5830000 - 0x00007ffea585c000 	C:\WINDOWS\SYSTEM32\dbgcore.DLL
0x00007ffead360000 - 0x00007ffead3e3000 	C:\WINDOWS\System32\bcryptPrimitives.dll
0x00007ffea49d0000 - 0x00007ffea4a09000 	C:\eclipse\plugins\org.eclipse.justj.openjdk.hotspot.jre.full.win32.x86_64_15.0.1.v20201027-0507\jre\bin\jdwp.dll
0x00007ffea6d20000 - 0x00007ffea6d2e000 	C:\eclipse\plugins\org.eclipse.justj.openjdk.hotspot.jre.full.win32.x86_64_15.0.1.v20201027-0507\jre\bin\instrument.dll
0x00007ffe861b0000 - 0x00007ffe861d5000 	C:\eclipse\plugins\org.eclipse.justj.openjdk.hotspot.jre.full.win32.x86_64_15.0.1.v20201027-0507\jre\bin\java.dll
0x00007ffe82440000 - 0x00007ffe82458000 	C:\eclipse\plugins\org.eclipse.justj.openjdk.hotspot.jre.full.win32.x86_64_15.0.1.v20201027-0507\jre\bin\zip.dll
0x00007ffeadd80000 - 0x00007ffeae4bf000 	C:\WINDOWS\System32\SHELL32.dll
0x00007ffeaabe0000 - 0x00007ffeab371000 	C:\WINDOWS\SYSTEM32\windows.storage.dll
0x00007ffeae750000 - 0x00007ffeaeaa5000 	C:\WINDOWS\System32\combase.dll
0x00007ffeac790000 - 0x00007ffeac7bc000 	C:\WINDOWS\SYSTEM32\Wldp.dll
0x00007ffeaeab0000 - 0x00007ffeaeb5e000 	C:\WINDOWS\System32\SHCORE.dll
0x00007ffeaf1f0000 - 0x00007ffeaf245000 	C:\WINDOWS\System32\shlwapi.dll
0x00007ffeaccd0000 - 0x00007ffeaccef000 	C:\WINDOWS\SYSTEM32\profapi.dll
0x00007ffea6c30000 - 0x00007ffea6c3b000 	C:\eclipse\plugins\org.eclipse.justj.openjdk.hotspot.jre.full.win32.x86_64_15.0.1.v20201027-0507\jre\bin\dt_socket.dll
0x00007ffeac180000 - 0x00007ffeac1bb000 	C:\WINDOWS\SYSTEM32\IPHLPAPI.DLL
0x00007ffeac490000 - 0x00007ffeac4fa000 	C:\WINDOWS\system32\mswsock.dll
0x00007ffeac1c0000 - 0x00007ffeac28c000 	C:\WINDOWS\SYSTEM32\DNSAPI.dll
0x00007ffeae590000 - 0x00007ffeae598000 	C:\WINDOWS\System32\NSI.dll
0x00007ffea2130000 - 0x00007ffea213a000 	C:\Windows\System32\rasadhlp.dll
0x00007ffea1bc0000 - 0x00007ffea1c3f000 	C:\WINDOWS\System32\fwpuclnt.dll
0x00007ffeace30000 - 0x00007ffeace57000 	C:\WINDOWS\System32\bcrypt.dll
0x00007ffea6c70000 - 0x00007ffea6c89000 	C:\eclipse\plugins\org.eclipse.justj.openjdk.hotspot.jre.full.win32.x86_64_15.0.1.v20201027-0507\jre\bin\net.dll
0x00007ffeaaad0000 - 0x00007ffeaabda000 	C:\WINDOWS\SYSTEM32\WINHTTP.dll
0x00007ffe94650000 - 0x00007ffe94662000 	C:\eclipse\plugins\org.eclipse.justj.openjdk.hotspot.jre.full.win32.x86_64_15.0.1.v20201027-0507\jre\bin\nio.dll
0x00007ffea4bf0000 - 0x00007ffea4c00000 	C:\eclipse\plugins\org.eclipse.justj.openjdk.hotspot.jre.full.win32.x86_64_15.0.1.v20201027-0507\jre\bin\verify.dll

dbghelp: loaded successfully - version: 4.0.5 - missing functions: none
symbol engine: initialized successfully - sym options: 0x614 - pdb path: .;C:\eclipse\plugins\org.eclipse.justj.openjdk.hotspot.jre.full.win32.x86_64_15.0.1.v20201027-0507\jre\bin;C:\WINDOWS\SYSTEM32;C:\WINDOWS\WinSxS\amd64_microsoft.windows.common-controls_6595b64144ccf1df_6.0.19041.1110_none_60b5254171f9507e;C:\eclipse\plugins\org.eclipse.justj.openjdk.hotspot.jre.full.win32.x86_64_15.0.1.v20201027-0507\jre\bin\server

VM Arguments:
jvm_args: -XX:+ShowCodeDetailsInExceptionMessages -agentlib:jdwp=transport=dt_socket,suspend=y,address=localhost:49839 -javaagent:C:\eclipse\configuration\org.eclipse.osgi\544\0\.cp\lib\javaagent-shaded.jar -Dfile.encoding=MS949 
java_command: B_5639
java_class_path (initial): C:\Users\JaeWan\Desktop\JAVA1\Algorithm\bin
Launcher Type: SUN_STANDARD

[Global flags]
     intx CICompilerCount                          = 4                                         {product} {ergonomic}
     uint ConcGCThreads                            = 2                                         {product} {ergonomic}
     uint G1ConcRefinementThreads                  = 8                                         {product} {ergonomic}
   size_t G1HeapRegionSize                         = 1048576                                   {product} {ergonomic}
    uintx GCDrainStackTargetSize                   = 64                                        {product} {ergonomic}
   size_t InitialHeapSize                          = 132120576                                 {product} {ergonomic}
   size_t MarkStackSize                            = 4194304                                   {product} {ergonomic}
   size_t MaxHeapSize                              = 2105540608                                {product} {ergonomic}
   size_t MaxNewSize                               = 1262485504                                {product} {ergonomic}
   size_t MinHeapDeltaBytes                        = 1048576                                   {product} {ergonomic}
   size_t MinHeapSize                              = 8388608                                   {product} {ergonomic}
    uintx NonNMethodCodeHeapSize                   = 5839372                                {pd product} {ergonomic}
    uintx NonProfiledCodeHeapSize                  = 122909434                              {pd product} {ergonomic}
    uintx ProfiledCodeHeapSize                     = 122909434                              {pd product} {ergonomic}
    uintx ReservedCodeCacheSize                    = 251658240                              {pd product} {ergonomic}
     bool SegmentedCodeCache                       = true                                      {product} {ergonomic}
     bool ShowCodeDetailsInExceptionMessages       = true                                   {manageable} {command line}
   size_t SoftMaxHeapSize                          = 2105540608                             {manageable} {ergonomic}
     bool UseCompressedClassPointers               = true                                 {lp64_product} {ergonomic}
     bool UseCompressedOops                        = true                                 {lp64_product} {ergonomic}
     bool UseG1GC                                  = true                                      {product} {ergonomic}
     bool UseLargePagesIndividualAllocation        = false                                  {pd product} {ergonomic}

Logging:
Log output configuration:
 #0: stdout all=warning uptime,level,tags
 #1: stderr all=off uptime,level,tags

Environment Variables:
PATH=C:\eclipse\plugins\org.eclipse.justj.openjdk.hotspot.jre.full.win32.x86_64_15.0.1.v20201027-0507\jre\bin;C:/eclipse//plugins/org.eclipse.justj.openjdk.hotspot.jre.full.win32.x86_64_15.0.1.v20201027-0507/jre/bin/server;C:/eclipse//plugins/org.eclipse.justj.openjdk.hotspot.jre.full.win32.x86_64_15.0.1.v20201027-0507/jre/bin;C:\Anaconda3;C:\Anaconda3\Library\mingw-w64\bin;C:\Anaconda3\Library\usr\bin;C:\Anaconda3\Library\bin;C:\Anaconda3\Scripts;C:\Program Files\Common Files\Oracle\Java\javapath;C:\Program Files (x86)\Intel\iCLS Client\;C:\Program Files\Intel\iCLS Client\;C:\WINDOWS\system32;C:\WINDOWS;C:\WINDOWS\System32\Wbem;C:\WINDOWS\System32\WindowsPowerShell\v1.0\;C:\Program Files (x86)\Intel\Intel(R) Management Engine Components\DAL;C:\Program Files\Intel\Intel(R) Management Engine Components\DAL;C:\Program Files (x86)\Intel\Intel(R) Management Engine Components\IPT;C:\Program Files\Intel\Intel(R) Management Engine Components\IPT;C:\Program Files\Intel\WiFi\bin\;C:\Program Files\Common Files\Intel\WirelessCommon\;C:\Program Files\dotnet\;C:\WINDOWS\System32\OpenSSH\;C:\jsoup;C:\Program Files\Git\cmd;C:\Users\JaeWan\AppData\Local\Microsoft\WindowsApps;;C:\Users\주재완\AppData\Local\Programs\Microsoft VS Code\bin;C:\Program Files\JetBrains\IntelliJ IDEA Community Edition 2020.3.3\bin;;C:\eclipse;
USERNAME=주재완
OS=Windows_NT
PROCESSOR_IDENTIFIER=Intel64 Family 6 Model 142 Stepping 10, GenuineIntel



---------------  S Y S T E M  ---------------

OS:
 Windows 10 , 64 bit Build 19041 (10.0.19041.1023)
OS uptime: 4 days 15:34 hours

CPU: total 8 (initial active 8) (4 cores per cpu, 2 threads per core) family 6 model 142 stepping 10 microcode 0xe0, cmov, cx8, fxsr, mmx, sse, sse2, sse3, ssse3, sse4.1, sse4.2, popcnt, vzeroupper, avx, avx2, aes, clmul, erms, 3dnowpref, lzcnt, ht, tsc, tscinvbit, bmi1, bmi2, adx, fma, clflush, clflushopt

Memory: 4k page, system-wide physical 8025M (3102M free)
TotalPageFile size 19801M (AvailPageFile size 11729M)
current process WorkingSet (physical memory assigned to process): 49M, peak: 50M
current process commit charge ("private bytes"): 210M, peak: 211M

vm_info: OpenJDK 64-Bit Server VM (15.0.1+9-18) for windows-amd64 JRE (15.0.1+9-18), built on Sep 15 2020 14:39:31 by "mach5one" with unknown MS VC++:1925

END.
